


ARM Macro Assembler    Page 1 


    1 00000000                 AREA             HW1, CODE, READONLY
    2 00000000         
    3 00000000                 ENTRY
    4 00000000         
    5 00000000                 EXPORT           main
    6 00000000         
    7 00000000         main
    8 00000000         
    9 00000000 F04F 0300       MOV              R3, #0x0
   10 00000004         
   11 00000004 F04F 0200       MOV              R2, #0x0
   12 00000008         
   13 00000008 EA63 0402       ORN              R4, R3, R2
   14 0000000C         
   15 0000000C                 END
Command Line: --debug --xref --diag_suppress=9931 --cpu=Cortex-M7 --bi --apcs=i
nterwork --depend=.\objects\hw1.d -o.\objects\hw1.o -I"D:\git\ARM asm\RTE" -IC:
\Keil_v5\ARM\PACK\ARM\CMSIS\5.0.0-Beta4\CMSIS\Include -IC:\Keil_v5\ARM\PACK\ARM
\CMSIS\5.0.0-Beta4\Device\ARM\ARMCM7\Include --predefine="__EVAL SETA 1" --pred
efine="__UVISION_VERSION SETA 521" --predefine="_RTE_ SETA 1" --predefine="ARMC
M7 SETA 1" --list=.\listings\hw1.lst HW1.s



ARM Macro Assembler    Page 1 Alphabetic symbol ordering
Relocatable symbols

HW1 00000000

Symbol: HW1
   Definitions
      At line 1 in file HW1.s
   Uses
      None
Comment: HW1 unused
main 00000000

Symbol: main
   Definitions
      At line 7 in file HW1.s
   Uses
      At line 5 in file HW1.s
Comment: main used once
2 symbols
336 symbols in table
