


ARM Macro Assembler    Page 1 


    1 00000000                 AREA             HW4D, DATA, READWRITE
    2 00000000         
    3 00000000                 EXPORT           adrStrOne
    4 00000000         
    5 00000000                 EXPORT           adrStrTwo
    6 00000000         
    7 00000000                 EXPORT           adrMixStr
    8 00000000         
    9 00000000 48 65 6C 
              6C 6F 20 
              4D 65 74 
              72 6F 20 
              53 74 61 
              74 65 21 
              00       StrOne  DCB              "Hello Metro State!", 0 
                                                            ;StrOne 
   10 00000013         
   11 00000013 49 20 6C 
              69 6B 65 
              20 61 73 
              73 65 6D 
              62 6C 79 
              20 70 72 
              6F 67 72 
              61 6D 6D 
              69 6E 67 
              2E 00    StrTwo  DCB              "I like assembly programming.",
 0 
                                                            ;StrTwo
   12 00000030         
   13 00000030 00000064 
                       MAX_LEN EQU              100
   14 00000030         
   15 00000030 00 00 00 
              00 00 00 
              00 00 00 
              00 00 00 
              00 00 00 
              00 00 00 
              00 00 00 
              00 00 00 
              00 00 00 
              00 00 00 
              00 00 00 
              00 00 00 
              00 00 00 
              00 00 00 
              00 00 00 
              00 00 00 
              00 00 00 
              00 00 00 
              00 00 00 
              00 00 00 
              00 00 00 
              00 00 00 
              00 00 00 
              00 00 00 
              00 00 00 
              00 00 00 



ARM Macro Assembler    Page 2 


              00 00 00 
              00 00 00 
              00 00 00 
              00 00 00 
              00 00 00 
              00 00 00 
              00 00 00 
              00 00    MixStr  SPACE            MAX_LEN+1   ;wonder if that wor
                                                            ks
   16 00000095         
   17 00000095 00 00 00        ALIGN
   18 00000098         
   19 00000098 00000000 
                       adrStrOne
                               DCD              StrOne
   20 0000009C         
   21 0000009C 00000000 
                       adrStrTwo
                               DCD              StrTwo
   22 000000A0         
   23 000000A0 00000000 
                       adrMixStr
                               DCD              MixStr
   24 000000A4         
   25 000000A4                 AREA             HW4, CODE, READONLY
   26 00000000         
   27 00000000                 ENTRY
   28 00000000         
   29 00000000                 EXPORT           main
   30 00000000         
   31 00000000         main
   32 00000000         
   33 00000000 4D1A            LDR              R5, =StrOne
   34 00000002         
   35 00000002 4E1B            LDR              R6, =MixStr
   36 00000004         
   37 00000004 4F1B            LDR              R7, =StrTwo
   38 00000006         
   39 00000006         ;R8 is supposed to be a place holder for the bytes those
                        moved in.
   40 00000006         
   41 00000006 E7FF            B                MovStrOneByte
   42 00000008         
   43 00000008         MovStrOneByte
   44 00000008         
   45 00000008         
   46 00000008 F895 8000       LDRB             R8, [R5]
   47 0000000C         
   48 0000000C F886 8000       STRB             R8, [R6]
   49 00000010         
   50 00000010 F105 0501       ADD              R5, R5, #0x1 ;StrOne pointer in
                                                            crement
   51 00000014         
   52 00000014 F1B8 0F00       CMP              R8, #0
   53 00000018         
   54 00000018 D01A            BEQ              FinStrTwo
   55 0000001A         
   56 0000001A F106 0601       ADD              R6, R6, #0x1 ;MixStr pointer in
                                                            crement



ARM Macro Assembler    Page 3 


   57 0000001E         
   58 0000001E E7FF            B                MovStrTwoByte
   59 00000020         
   60 00000020         MovStrTwoByte
   61 00000020         
   62 00000020 F897 8000       LDRB             R8, [R7]
   63 00000024         
   64 00000024 F886 8000       STRB             R8, [R6]
   65 00000028         
   66 00000028 F107 0701       ADD              R7, R7, #0x1 ;For the increment
                                                             of the StrTwo 
   67 0000002C         
   68 0000002C F1B8 0F00       CMP              R8, #0
   69 00000030         
   70 00000030 D002            BEQ              FinStrOne
   71 00000032         
   72 00000032 F106 0601       ADD              R6, R6, #0x1 ;For the increment
                                                             of the MixStr
   73 00000036         
   74 00000036 E7E7            B                MovStrOneByte
   75 00000038         
   76 00000038         FinStrOne
   77 00000038         
   78 00000038 F895 8000       LDRB             R8, [R5]
   79 0000003C         
   80 0000003C F886 8000       STRB             R8, [R6]
   81 00000040         
   82 00000040 F1B8 0F00       CMP              R8, #0
   83 00000044         
   84 00000044 D010            BEQ              Done
   85 00000046         
   86 00000046 F105 0501       ADD              R5, R5, #1
   87 0000004A         
   88 0000004A F106 0601       ADD              R6, R6, #1
   89 0000004E         
   90 0000004E E7F3            B                FinStrOne
   91 00000050         
   92 00000050         FinStrTwo
   93 00000050         
   94 00000050 F897 8000       LDRB             R8, [R7]
   95 00000054         
   96 00000054 F886 8000       STRB             R8, [R6]
   97 00000058         
   98 00000058 F1B8 0F00       CMP              R8, #0
   99 0000005C         
  100 0000005C D004            BEQ              Done
  101 0000005E         
  102 0000005E F106 0601       ADD              R6, R6, #1
  103 00000062         
  104 00000062 F107 0701       ADD              R7, R7, #1
  105 00000066         
  106 00000066 E7F3            B                FinStrTwo
  107 00000068         
  108 00000068         Done
  109 00000068         
  110 00000068 DF11            SVC              #0x11       ;to wrap up nicely
  111 0000006A         
  112 0000006A                 END
              00 00 00000000 



ARM Macro Assembler    Page 4 


              00000000 
              00000000 
Command Line: --debug --xref --diag_suppress=9931 --cpu=Cortex-M7 --bi --apcs=i
nterwork --depend=.\objects\hw4.d -o.\objects\hw4.o -I"D:\git\ARM asm\RTE" -IC:
\Keil_v5\ARM\PACK\ARM\CMSIS\5.0.0-Beta4\CMSIS\Include -IC:\Keil_v5\ARM\PACK\ARM
\CMSIS\5.0.0-Beta4\Device\ARM\ARMCM7\Include --predefine="__EVAL SETA 1" --pred
efine="__UVISION_VERSION SETA 521" --predefine="_RTE_ SETA 1" --predefine="ARMC
M7 SETA 1" --list=.\listings\hw4.lst HW4.s



ARM Macro Assembler    Page 1 Alphabetic symbol ordering
Relocatable symbols

HW4D 00000000

Symbol: HW4D
   Definitions
      At line 1 in file HW4.s
   Uses
      None
Comment: HW4D unused
MixStr 00000030

Symbol: MixStr
   Definitions
      At line 15 in file HW4.s
   Uses
      At line 23 in file HW4.s
      At line 35 in file HW4.s

StrOne 00000000

Symbol: StrOne
   Definitions
      At line 9 in file HW4.s
   Uses
      At line 19 in file HW4.s
      At line 33 in file HW4.s

StrTwo 00000013

Symbol: StrTwo
   Definitions
      At line 11 in file HW4.s
   Uses
      At line 21 in file HW4.s
      At line 37 in file HW4.s

adrMixStr 000000A0

Symbol: adrMixStr
   Definitions
      At line 23 in file HW4.s
   Uses
      At line 7 in file HW4.s
Comment: adrMixStr used once
adrStrOne 00000098

Symbol: adrStrOne
   Definitions
      At line 19 in file HW4.s
   Uses
      At line 3 in file HW4.s
Comment: adrStrOne used once
adrStrTwo 0000009C

Symbol: adrStrTwo
   Definitions
      At line 21 in file HW4.s
   Uses
      At line 5 in file HW4.s
Comment: adrStrTwo used once



ARM Macro Assembler    Page 2 Alphabetic symbol ordering
Relocatable symbols

7 symbols



ARM Macro Assembler    Page 1 Alphabetic symbol ordering
Relocatable symbols

Done 00000068

Symbol: Done
   Definitions
      At line 108 in file HW4.s
   Uses
      At line 84 in file HW4.s
      At line 100 in file HW4.s

FinStrOne 00000038

Symbol: FinStrOne
   Definitions
      At line 76 in file HW4.s
   Uses
      At line 70 in file HW4.s
      At line 90 in file HW4.s

FinStrTwo 00000050

Symbol: FinStrTwo
   Definitions
      At line 92 in file HW4.s
   Uses
      At line 54 in file HW4.s
      At line 106 in file HW4.s

HW4 00000000

Symbol: HW4
   Definitions
      At line 25 in file HW4.s
   Uses
      None
Comment: HW4 unused
MovStrOneByte 00000008

Symbol: MovStrOneByte
   Definitions
      At line 43 in file HW4.s
   Uses
      At line 41 in file HW4.s
      At line 74 in file HW4.s

MovStrTwoByte 00000020

Symbol: MovStrTwoByte
   Definitions
      At line 60 in file HW4.s
   Uses
      At line 58 in file HW4.s
Comment: MovStrTwoByte used once
main 00000000

Symbol: main
   Definitions
      At line 31 in file HW4.s
   Uses
      At line 29 in file HW4.s



ARM Macro Assembler    Page 2 Alphabetic symbol ordering
Relocatable symbols

Comment: main used once
7 symbols



ARM Macro Assembler    Page 1 Alphabetic symbol ordering
Absolute symbols

MAX_LEN 00000064

Symbol: MAX_LEN
   Definitions
      At line 13 in file HW4.s
   Uses
      At line 15 in file HW4.s
Comment: MAX_LEN used once
1 symbol
351 symbols in table
